[debug] [2021-06-30T14:39:53.329Z] ----------------------------------------------------------------------
[debug] [2021-06-30T14:39:53.332Z] Command:       C:\Program Files\nodejs\node.exe C:\Users\Kiki\AppData\Roaming\npm\node_modules\firebase-tools\lib\bin\firebase.js init
[debug] [2021-06-30T14:39:53.332Z] CLI Version:   9.14.0
[debug] [2021-06-30T14:39:53.332Z] Platform:      win32
[debug] [2021-06-30T14:39:53.333Z] Node Version:  v14.17.1
[debug] [2021-06-30T14:39:53.334Z] Time:          Wed Jun 30 2021 21:39:53 GMT+0700 (Western Indonesia Time)
[debug] [2021-06-30T14:39:53.334Z] ----------------------------------------------------------------------
[debug] 
[debug] [2021-06-30T14:39:53.347Z] > command requires scopes: ["email","openid","https://www.googleapis.com/auth/cloudplatformprojects.readonly","https://www.googleapis.com/auth/firebase","https://www.googleapis.com/auth/cloud-platform"]
[debug] [2021-06-30T14:39:53.348Z] > authorizing via signed-in user (rifkiardianakbar.raa@gmail.com)
[info] 
     ######## #### ########  ######## ########     ###     ######  ########
     ##        ##  ##     ## ##       ##     ##  ##   ##  ##       ##
     ######    ##  ########  ######   ########  #########  ######  ######
     ##        ##  ##    ##  ##       ##     ## ##     ##       ## ##
     ##       #### ##     ## ######## ########  ##     ##  ######  ########

You're about to initialize a Firebase project in this directory:

  C:\Users\Kiki\Documents\kii\port

Before we get started, keep in mind:

  * You are initializing within an existing Firebase project directory

